<?xml version="1.0" encoding="UTF-8"?>
<!-- Generated by org.testng.reporters.JUnitReportReporter -->
<testsuite skipped="0" hostname="DESKTOP-ROG-JUAN" name="testclasses.BeforeClassAnnotation" tests="2" failures="0" timestamp="30 Jan 2019 21:27:01 GMT" time="0.010" errors="0">
  <testcase name="testMethod2" time="0.002" classname="testclasses.BeforeClassAnnotation"/>
  <testcase name="testMethod1" time="0.008" classname="testclasses.BeforeClassAnnotation"/>
</testsuite> <!-- testclasses.BeforeClassAnnotation -->
