<?xml version="1.0" encoding="UTF-8"?>
<!-- Generated by org.testng.reporters.JUnitReportReporter -->
<testsuite skipped="0" hostname="DESKTOP-ROG-JUAN" name="testclases.BeforeClassAnnotation" tests="2" failures="0" timestamp="29 Jan 2019 13:47:02 GMT" time="0.006" errors="0">
  <testcase name="testMethod2" time="0.001" classname="testclases.BeforeClassAnnotation"/>
  <testcase name="testMethod1" time="0.005" classname="testclases.BeforeClassAnnotation"/>
</testsuite> <!-- testclases.BeforeClassAnnotation -->
