<?xml version="1.0" encoding="UTF-8"?>
<!-- Generated by org.testng.reporters.JUnitReportReporter -->
<testsuite skipped="0" hostname="DESKTOP-ROG-JUAN" name="testclases.TestAnnotation" tests="3" failures="0" timestamp="26 Jan 2019 22:02:55 GMT" time="0.017" errors="0">
  <testcase name="atestMethod2" time="0.014" classname="testclases.TestAnnotation"/>
  <testcase name="testMethod1" time="0.002" classname="testclases.TestAnnotation"/>
  <testcase name="testMethod3" time="0.001" classname="testclases.TestAnnotation"/>
</testsuite> <!-- testclases.TestAnnotation -->
