<?xml version="1.0" encoding="UTF-8"?>
<!-- Generated by org.testng.reporters.JUnitReportReporter -->
<testsuite skipped="0" hostname="DESKTOP-ROG-JUAN" name="testclasses.TestClass2" tests="2" failures="0" timestamp="30 Jan 2019 21:27:01 GMT" time="0.004" errors="0">
  <testcase name="testMethod1" time="0.001" classname="testclasses.TestClass2"/>
  <testcase name="testMethod2" time="0.003" classname="testclasses.TestClass2"/>
</testsuite> <!-- testclasses.TestClass2 -->
