<?xml version="1.0" encoding="UTF-8"?>
<!-- Generated by org.testng.reporters.JUnitReportReporter -->
<testsuite skipped="0" hostname="DESKTOP-ROG-JUAN" name="testclases.TestClass2" tests="2" failures="0" timestamp="30 Jan 2019 21:15:27 GMT" time="0.010" errors="0">
  <testcase name="testMethod2" time="0.003" classname="testclases.TestClass2"/>
  <testcase name="testMethod1" time="0.007" classname="testclases.TestClass2"/>
</testsuite> <!-- testclases.TestClass2 -->
